2026-05-23 15:35:23,842 [INFO] jobbot: Starting jobBot scheduler every 15 minutes
2026-05-23 15:39:36,272 [INFO] jobbot: Starting jobBot scheduler every 15 minutes
2026-05-23 15:40:40,341 [INFO] jobbot: Starting jobBot scheduler every 15 minutes
2026-05-23 15:55:47,677 [INFO] jobbot: Fetched 10 items from RSS https://news.ycombinator.com/rss
2026-05-23 15:55:47,998 [ERROR] jobbot: Failed to fetch RSS feed https://stackoverflow.com/jobs/feed: 403 Client Error: Forbidden for url: https://stackoverflow.com/jobs/feed
Traceback (most recent call last):
  File "C:\Users\Suchita\OneDrive\Documents\jobBot\main.py", line 74, in run_once
    items = fetch_rss_jobs(rss_url)
  File "C:\Users\Suchita\OneDrive\Documents\jobBot\scrapers\rss_scraper.py", line 20, in fetch_rss_jobs
    resp.raise_for_status()
    ~~~~~~~~~~~~~~~~~~~~~^^
  File "C:\Users\Suchita\OneDrive\Documents\jobBot\.venv\Lib\site-packages\requests\models.py", line 1167, in raise_for_status
    raise HTTPError(http_error_msg, response=self)
requests.exceptions.HTTPError: 403 Client Error: Forbidden for url: https://stackoverflow.com/jobs/feed
2026-05-23 15:55:48,603 [ERROR] jobbot: Failed to fetch RSS feed https://github.com/jobs/feed.xml: 404 Client Error: Not Found for url: https://github.com/jobs/feed.xml
Traceback (most recent call last):
  File "C:\Users\Suchita\OneDrive\Documents\jobBot\main.py", line 74, in run_once
    items = fetch_rss_jobs(rss_url)
  File "C:\Users\Suchita\OneDrive\Documents\jobBot\scrapers\rss_scraper.py", line 20, in fetch_rss_jobs
    resp.raise_for_status()
    ~~~~~~~~~~~~~~~~~~~~~^^
  File "C:\Users\Suchita\OneDrive\Documents\jobBot\.venv\Lib\site-packages\requests\models.py", line 1167, in raise_for_status
    raise HTTPError(http_error_msg, response=self)
requests.exceptions.HTTPError: 404 Client Error: Not Found for url: https://github.com/jobs/feed.xml
2026-05-23 15:55:52,765 [INFO] jobbot: Fetched 0 Instagram posts from techcrunch
2026-05-23 15:55:52,766 [INFO] jobbot: run_once finished, notifications sent: 0
2026-05-23 15:58:58,250 [ERROR] jobbot: Failed to fetch RSS feed https://jobs.reddituploads.com/feed.xml: HTTPSConnectionPool(host='jobs.reddituploads.com', port=443): Max retries exceeded with url: /feed.xml (Caused by NameResolutionError("HTTPSConnection(host='jobs.reddituploads.com', port=443): Failed to resolve 'jobs.reddituploads.com' ([Errno 11001] getaddrinfo failed)"))
Traceback (most recent call last):
  File "C:\Users\Suchita\OneDrive\Documents\jobBot\.venv\Lib\site-packages\urllib3\connection.py", line 204, in _new_conn
    sock = connection.create_connection(
        (self._dns_host, self.port),
    ...<2 lines>...
        socket_options=self.socket_options,
    )
  File "C:\Users\Suchita\OneDrive\Documents\jobBot\.venv\Lib\site-packages\urllib3\util\connection.py", line 60, in create_connection
    for res in socket.getaddrinfo(host, port, family, socket.SOCK_STREAM):
               ~~~~~~~~~~~~~~~~~~^^^^^^^^^^^^^^^^^^^^^^^^^^^^^^^^^^^^^^^^
  File "C:\Users\Suchita\AppData\Local\Programs\Python\Python314\Lib\socket.py", line 983, in getaddrinfo
    for res in _socket.getaddrinfo(host, port, family, type, proto, flags):
               ~~~~~~~~~~~~~~~~~~~^^^^^^^^^^^^^^^^^^^^^^^^^^^^^^^^^^^^^^^^
socket.gaierror: [Errno 11001] getaddrinfo failed

The above exception was the direct cause of the following exception:

Traceback (most recent call last):
  File "C:\Users\Suchita\OneDrive\Documents\jobBot\.venv\Lib\site-packages\urllib3\connectionpool.py", line 788, in urlopen
    response = self._make_request(
        conn,
    ...<10 lines>...
        **response_kw,
    )
  File "C:\Users\Suchita\OneDrive\Documents\jobBot\.venv\Lib\site-packages\urllib3\connectionpool.py", line 488, in _make_request
    raise new_e
  File "C:\Users\Suchita\OneDrive\Documents\jobBot\.venv\Lib\site-packages\urllib3\connectionpool.py", line 464, in _make_request
    self._validate_conn(conn)
    ~~~~~~~~~~~~~~~~~~~^^^^^^
  File "C:\Users\Suchita\OneDrive\Documents\jobBot\.venv\Lib\site-packages\urllib3\connectionpool.py", line 1106, in _validate_conn
    conn.connect()
    ~~~~~~~~~~~~^^
  File "C:\Users\Suchita\OneDrive\Documents\jobBot\.venv\Lib\site-packages\urllib3\connection.py", line 759, in connect
    self.sock = sock = self._new_conn()
                       ~~~~~~~~~~~~~~^^
  File "C:\Users\Suchita\OneDrive\Documents\jobBot\.venv\Lib\site-packages\urllib3\connection.py", line 211, in _new_conn
    raise NameResolutionError(self.host, self, e) from e
urllib3.exceptions.NameResolutionError: HTTPSConnection(host='jobs.reddituploads.com', port=443): Failed to resolve 'jobs.reddituploads.com' ([Errno 11001] getaddrinfo failed)

The above exception was the direct cause of the following exception:

Traceback (most recent call last):
  File "C:\Users\Suchita\OneDrive\Documents\jobBot\.venv\Lib\site-packages\requests\adapters.py", line 696, in send
    resp = conn.urlopen(
        method=request.method,
    ...<9 lines>...
        chunked=chunked,
    )
  File "C:\Users\Suchita\OneDrive\Documents\jobBot\.venv\Lib\site-packages\urllib3\connectionpool.py", line 842, in urlopen
    retries = retries.increment(
        method, url, error=new_e, _pool=self, _stacktrace=sys.exc_info()[2]
    )
  File "C:\Users\Suchita\OneDrive\Documents\jobBot\.venv\Lib\site-packages\urllib3\util\retry.py", line 543, in increment
    raise MaxRetryError(_pool, url, reason) from reason  # type: ignore[arg-type]
    ^^^^^^^^^^^^^^^^^^^^^^^^^^^^^^^^^^^^^^^^^^^^^^^^^^^
urllib3.exceptions.MaxRetryError: HTTPSConnectionPool(host='jobs.reddituploads.com', port=443): Max retries exceeded with url: /feed.xml (Caused by NameResolutionError("HTTPSConnection(host='jobs.reddituploads.com', port=443): Failed to resolve 'jobs.reddituploads.com' ([Errno 11001] getaddrinfo failed)"))

During handling of the above exception, another exception occurred:

Traceback (most recent call last):
  File "C:\Users\Suchita\OneDrive\Documents\jobBot\main.py", line 74, in run_once
    items = fetch_rss_jobs(rss_url)
  File "C:\Users\Suchita\OneDrive\Documents\jobBot\scrapers\rss_scraper.py", line 19, in fetch_rss_jobs
    resp = requests.get(rss_url, timeout=10)
  File "C:\Users\Suchita\OneDrive\Documents\jobBot\.venv\Lib\site-packages\requests\api.py", line 87, in get
    return request("get", url, params=params, **kwargs)
  File "C:\Users\Suchita\OneDrive\Documents\jobBot\.venv\Lib\site-packages\requests\api.py", line 71, in request
    return session.request(method=method, url=url, **kwargs)
           ~~~~~~~~~~~~~~~^^^^^^^^^^^^^^^^^^^^^^^^^^^^^^^^^^
  File "C:\Users\Suchita\OneDrive\Documents\jobBot\.venv\Lib\site-packages\requests\sessions.py", line 651, in request
    resp = self.send(prep, **send_kwargs)
  File "C:\Users\Suchita\OneDrive\Documents\jobBot\.venv\Lib\site-packages\requests\sessions.py", line 784, in send
    r = adapter.send(request, **kwargs)
  File "C:\Users\Suchita\OneDrive\Documents\jobBot\.venv\Lib\site-packages\requests\adapters.py", line 729, in send
    raise ConnectionError(e, request=request)
requests.exceptions.ConnectionError: HTTPSConnectionPool(host='jobs.reddituploads.com', port=443): Max retries exceeded with url: /feed.xml (Caused by NameResolutionError("HTTPSConnection(host='jobs.reddituploads.com', port=443): Failed to resolve 'jobs.reddituploads.com' ([Errno 11001] getaddrinfo failed)"))
2026-05-23 15:59:01,320 [ERROR] jobbot: Failed to fetch RSS feed https://www.workingnomads.co/feed: 404 Client Error: Not Found for url: https://www.workingnomads.com/feed
Traceback (most recent call last):
  File "C:\Users\Suchita\OneDrive\Documents\jobBot\main.py", line 74, in run_once
    items = fetch_rss_jobs(rss_url)
  File "C:\Users\Suchita\OneDrive\Documents\jobBot\scrapers\rss_scraper.py", line 20, in fetch_rss_jobs
    resp.raise_for_status()
    ~~~~~~~~~~~~~~~~~~~~~^^
  File "C:\Users\Suchita\OneDrive\Documents\jobBot\.venv\Lib\site-packages\requests\models.py", line 1167, in raise_for_status
    raise HTTPError(http_error_msg, response=self)
requests.exceptions.HTTPError: 404 Client Error: Not Found for url: https://www.workingnomads.com/feed
2026-05-23 15:59:01,325 [INFO] jobbot: run_once finished, notifications sent: 0
2026-05-23 16:13:18,927 [ERROR] jobbot: Failed to fetch RSS feed https://jobs.reddituploads.com/feed.xml: HTTPSConnectionPool(host='jobs.reddituploads.com', port=443): Max retries exceeded with url: /feed.xml (Caused by NameResolutionError("HTTPSConnection(host='jobs.reddituploads.com', port=443): Failed to resolve 'jobs.reddituploads.com' ([Errno 11001] getaddrinfo failed)"))
Traceback (most recent call last):
  File "C:\Users\Suchita\OneDrive\Documents\jobBot\.venv\Lib\site-packages\urllib3\connection.py", line 204, in _new_conn
    sock = connection.create_connection(
        (self._dns_host, self.port),
    ...<2 lines>...
        socket_options=self.socket_options,
    )
  File "C:\Users\Suchita\OneDrive\Documents\jobBot\.venv\Lib\site-packages\urllib3\util\connection.py", line 60, in create_connection
    for res in socket.getaddrinfo(host, port, family, socket.SOCK_STREAM):
               ~~~~~~~~~~~~~~~~~~^^^^^^^^^^^^^^^^^^^^^^^^^^^^^^^^^^^^^^^^
  File "C:\Users\Suchita\AppData\Local\Programs\Python\Python314\Lib\socket.py", line 983, in getaddrinfo
    for res in _socket.getaddrinfo(host, port, family, type, proto, flags):
               ~~~~~~~~~~~~~~~~~~~^^^^^^^^^^^^^^^^^^^^^^^^^^^^^^^^^^^^^^^^
socket.gaierror: [Errno 11001] getaddrinfo failed

The above exception was the direct cause of the following exception:

Traceback (most recent call last):
  File "C:\Users\Suchita\OneDrive\Documents\jobBot\.venv\Lib\site-packages\urllib3\connectionpool.py", line 788, in urlopen
    response = self._make_request(
        conn,
    ...<10 lines>...
        **response_kw,
    )
  File "C:\Users\Suchita\OneDrive\Documents\jobBot\.venv\Lib\site-packages\urllib3\connectionpool.py", line 488, in _make_request
    raise new_e
  File "C:\Users\Suchita\OneDrive\Documents\jobBot\.venv\Lib\site-packages\urllib3\connectionpool.py", line 464, in _make_request
    self._validate_conn(conn)
    ~~~~~~~~~~~~~~~~~~~^^^^^^
  File "C:\Users\Suchita\OneDrive\Documents\jobBot\.venv\Lib\site-packages\urllib3\connectionpool.py", line 1106, in _validate_conn
    conn.connect()
    ~~~~~~~~~~~~^^
  File "C:\Users\Suchita\OneDrive\Documents\jobBot\.venv\Lib\site-packages\urllib3\connection.py", line 759, in connect
    self.sock = sock = self._new_conn()
                       ~~~~~~~~~~~~~~^^
  File "C:\Users\Suchita\OneDrive\Documents\jobBot\.venv\Lib\site-packages\urllib3\connection.py", line 211, in _new_conn
    raise NameResolutionError(self.host, self, e) from e
urllib3.exceptions.NameResolutionError: HTTPSConnection(host='jobs.reddituploads.com', port=443): Failed to resolve 'jobs.reddituploads.com' ([Errno 11001] getaddrinfo failed)

The above exception was the direct cause of the following exception:

Traceback (most recent call last):
  File "C:\Users\Suchita\OneDrive\Documents\jobBot\.venv\Lib\site-packages\requests\adapters.py", line 696, in send
    resp = conn.urlopen(
        method=request.method,
    ...<9 lines>...
        chunked=chunked,
    )
  File "C:\Users\Suchita\OneDrive\Documents\jobBot\.venv\Lib\site-packages\urllib3\connectionpool.py", line 842, in urlopen
    retries = retries.increment(
        method, url, error=new_e, _pool=self, _stacktrace=sys.exc_info()[2]
    )
  File "C:\Users\Suchita\OneDrive\Documents\jobBot\.venv\Lib\site-packages\urllib3\util\retry.py", line 543, in increment
    raise MaxRetryError(_pool, url, reason) from reason  # type: ignore[arg-type]
    ^^^^^^^^^^^^^^^^^^^^^^^^^^^^^^^^^^^^^^^^^^^^^^^^^^^
urllib3.exceptions.MaxRetryError: HTTPSConnectionPool(host='jobs.reddituploads.com', port=443): Max retries exceeded with url: /feed.xml (Caused by NameResolutionError("HTTPSConnection(host='jobs.reddituploads.com', port=443): Failed to resolve 'jobs.reddituploads.com' ([Errno 11001] getaddrinfo failed)"))

During handling of the above exception, another exception occurred:

Traceback (most recent call last):
  File "C:\Users\Suchita\OneDrive\Documents\jobBot\main.py", line 74, in run_once
    items = fetch_rss_jobs(rss_url)
  File "C:\Users\Suchita\OneDrive\Documents\jobBot\scrapers\rss_scraper.py", line 19, in fetch_rss_jobs
    resp = requests.get(rss_url, timeout=10)
  File "C:\Users\Suchita\OneDrive\Documents\jobBot\.venv\Lib\site-packages\requests\api.py", line 87, in get
    return request("get", url, params=params, **kwargs)
  File "C:\Users\Suchita\OneDrive\Documents\jobBot\.venv\Lib\site-packages\requests\api.py", line 71, in request
    return session.request(method=method, url=url, **kwargs)
           ~~~~~~~~~~~~~~~^^^^^^^^^^^^^^^^^^^^^^^^^^^^^^^^^^
  File "C:\Users\Suchita\OneDrive\Documents\jobBot\.venv\Lib\site-packages\requests\sessions.py", line 651, in request
    resp = self.send(prep, **send_kwargs)
  File "C:\Users\Suchita\OneDrive\Documents\jobBot\.venv\Lib\site-packages\requests\sessions.py", line 784, in send
    r = adapter.send(request, **kwargs)
  File "C:\Users\Suchita\OneDrive\Documents\jobBot\.venv\Lib\site-packages\requests\adapters.py", line 729, in send
    raise ConnectionError(e, request=request)
requests.exceptions.ConnectionError: HTTPSConnectionPool(host='jobs.reddituploads.com', port=443): Max retries exceeded with url: /feed.xml (Caused by NameResolutionError("HTTPSConnection(host='jobs.reddituploads.com', port=443): Failed to resolve 'jobs.reddituploads.com' ([Errno 11001] getaddrinfo failed)"))
2026-05-23 16:13:22,081 [ERROR] jobbot: Failed to fetch RSS feed https://www.workingnomads.co/feed: 404 Client Error: Not Found for url: https://www.workingnomads.com/feed
Traceback (most recent call last):
  File "C:\Users\Suchita\OneDrive\Documents\jobBot\main.py", line 74, in run_once
    items = fetch_rss_jobs(rss_url)
  File "C:\Users\Suchita\OneDrive\Documents\jobBot\scrapers\rss_scraper.py", line 20, in fetch_rss_jobs
    resp.raise_for_status()
    ~~~~~~~~~~~~~~~~~~~~~^^
  File "C:\Users\Suchita\OneDrive\Documents\jobBot\.venv\Lib\site-packages\requests\models.py", line 1167, in raise_for_status
    raise HTTPError(http_error_msg, response=self)
requests.exceptions.HTTPError: 404 Client Error: Not Found for url: https://www.workingnomads.com/feed
2026-05-23 16:13:22,088 [INFO] jobbot: run_once finished, notifications sent: 0
2026-05-23 16:14:14,764 [ERROR] jobbot: Failed to fetch RSS feed https://jobs.reddituploads.com/feed.xml: HTTPSConnectionPool(host='jobs.reddituploads.com', port=443): Max retries exceeded with url: /feed.xml (Caused by NameResolutionError("HTTPSConnection(host='jobs.reddituploads.com', port=443): Failed to resolve 'jobs.reddituploads.com' ([Errno 11001] getaddrinfo failed)"))
Traceback (most recent call last):
  File "C:\Users\Suchita\OneDrive\Documents\jobBot\.venv\Lib\site-packages\urllib3\connection.py", line 204, in _new_conn
    sock = connection.create_connection(
        (self._dns_host, self.port),
    ...<2 lines>...
        socket_options=self.socket_options,
    )
  File "C:\Users\Suchita\OneDrive\Documents\jobBot\.venv\Lib\site-packages\urllib3\util\connection.py", line 60, in create_connection
    for res in socket.getaddrinfo(host, port, family, socket.SOCK_STREAM):
               ~~~~~~~~~~~~~~~~~~^^^^^^^^^^^^^^^^^^^^^^^^^^^^^^^^^^^^^^^^
  File "C:\Users\Suchita\AppData\Local\Programs\Python\Python314\Lib\socket.py", line 983, in getaddrinfo
    for res in _socket.getaddrinfo(host, port, family, type, proto, flags):
               ~~~~~~~~~~~~~~~~~~~^^^^^^^^^^^^^^^^^^^^^^^^^^^^^^^^^^^^^^^^
socket.gaierror: [Errno 11001] getaddrinfo failed

The above exception was the direct cause of the following exception:

Traceback (most recent call last):
  File "C:\Users\Suchita\OneDrive\Documents\jobBot\.venv\Lib\site-packages\urllib3\connectionpool.py", line 788, in urlopen
    response = self._make_request(
        conn,
    ...<10 lines>...
        **response_kw,
    )
  File "C:\Users\Suchita\OneDrive\Documents\jobBot\.venv\Lib\site-packages\urllib3\connectionpool.py", line 488, in _make_request
    raise new_e
  File "C:\Users\Suchita\OneDrive\Documents\jobBot\.venv\Lib\site-packages\urllib3\connectionpool.py", line 464, in _make_request
    self._validate_conn(conn)
    ~~~~~~~~~~~~~~~~~~~^^^^^^
  File "C:\Users\Suchita\OneDrive\Documents\jobBot\.venv\Lib\site-packages\urllib3\connectionpool.py", line 1106, in _validate_conn
    conn.connect()
    ~~~~~~~~~~~~^^
  File "C:\Users\Suchita\OneDrive\Documents\jobBot\.venv\Lib\site-packages\urllib3\connection.py", line 759, in connect
    self.sock = sock = self._new_conn()
                       ~~~~~~~~~~~~~~^^
  File "C:\Users\Suchita\OneDrive\Documents\jobBot\.venv\Lib\site-packages\urllib3\connection.py", line 211, in _new_conn
    raise NameResolutionError(self.host, self, e) from e
urllib3.exceptions.NameResolutionError: HTTPSConnection(host='jobs.reddituploads.com', port=443): Failed to resolve 'jobs.reddituploads.com' ([Errno 11001] getaddrinfo failed)

The above exception was the direct cause of the following exception:

Traceback (most recent call last):
  File "C:\Users\Suchita\OneDrive\Documents\jobBot\.venv\Lib\site-packages\requests\adapters.py", line 696, in send
    resp = conn.urlopen(
        method=request.method,
    ...<9 lines>...
        chunked=chunked,
    )
  File "C:\Users\Suchita\OneDrive\Documents\jobBot\.venv\Lib\site-packages\urllib3\connectionpool.py", line 842, in urlopen
    retries = retries.increment(
        method, url, error=new_e, _pool=self, _stacktrace=sys.exc_info()[2]
    )
  File "C:\Users\Suchita\OneDrive\Documents\jobBot\.venv\Lib\site-packages\urllib3\util\retry.py", line 543, in increment
    raise MaxRetryError(_pool, url, reason) from reason  # type: ignore[arg-type]
    ^^^^^^^^^^^^^^^^^^^^^^^^^^^^^^^^^^^^^^^^^^^^^^^^^^^
urllib3.exceptions.MaxRetryError: HTTPSConnectionPool(host='jobs.reddituploads.com', port=443): Max retries exceeded with url: /feed.xml (Caused by NameResolutionError("HTTPSConnection(host='jobs.reddituploads.com', port=443): Failed to resolve 'jobs.reddituploads.com' ([Errno 11001] getaddrinfo failed)"))

During handling of the above exception, another exception occurred:

Traceback (most recent call last):
  File "C:\Users\Suchita\OneDrive\Documents\jobBot\main.py", line 74, in run_once
    items = fetch_rss_jobs(rss_url)
  File "C:\Users\Suchita\OneDrive\Documents\jobBot\scrapers\rss_scraper.py", line 19, in fetch_rss_jobs
    resp = requests.get(rss_url, timeout=10)
  File "C:\Users\Suchita\OneDrive\Documents\jobBot\.venv\Lib\site-packages\requests\api.py", line 87, in get
    return request("get", url, params=params, **kwargs)
  File "C:\Users\Suchita\OneDrive\Documents\jobBot\.venv\Lib\site-packages\requests\api.py", line 71, in request
    return session.request(method=method, url=url, **kwargs)
           ~~~~~~~~~~~~~~~^^^^^^^^^^^^^^^^^^^^^^^^^^^^^^^^^^
  File "C:\Users\Suchita\OneDrive\Documents\jobBot\.venv\Lib\site-packages\requests\sessions.py", line 651, in request
    resp = self.send(prep, **send_kwargs)
  File "C:\Users\Suchita\OneDrive\Documents\jobBot\.venv\Lib\site-packages\requests\sessions.py", line 784, in send
    r = adapter.send(request, **kwargs)
  File "C:\Users\Suchita\OneDrive\Documents\jobBot\.venv\Lib\site-packages\requests\adapters.py", line 729, in send
    raise ConnectionError(e, request=request)
requests.exceptions.ConnectionError: HTTPSConnectionPool(host='jobs.reddituploads.com', port=443): Max retries exceeded with url: /feed.xml (Caused by NameResolutionError("HTTPSConnection(host='jobs.reddituploads.com', port=443): Failed to resolve 'jobs.reddituploads.com' ([Errno 11001] getaddrinfo failed)"))
2026-05-23 16:14:17,494 [ERROR] jobbot: Failed to fetch RSS feed https://www.workingnomads.co/feed: 404 Client Error: Not Found for url: https://www.workingnomads.com/feed
Traceback (most recent call last):
  File "C:\Users\Suchita\OneDrive\Documents\jobBot\main.py", line 74, in run_once
    items = fetch_rss_jobs(rss_url)
  File "C:\Users\Suchita\OneDrive\Documents\jobBot\scrapers\rss_scraper.py", line 20, in fetch_rss_jobs
    resp.raise_for_status()
    ~~~~~~~~~~~~~~~~~~~~~^^
  File "C:\Users\Suchita\OneDrive\Documents\jobBot\.venv\Lib\site-packages\requests\models.py", line 1167, in raise_for_status
    raise HTTPError(http_error_msg, response=self)
requests.exceptions.HTTPError: 404 Client Error: Not Found for url: https://www.workingnomads.com/feed
2026-05-23 16:14:17,497 [INFO] jobbot: run_once finished, notifications sent: 0
2026-05-23 16:14:27,700 [ERROR] jobbot: Failed to fetch RSS feed https://jobs.reddituploads.com/feed.xml: HTTPSConnectionPool(host='jobs.reddituploads.com', port=443): Max retries exceeded with url: /feed.xml (Caused by NameResolutionError("HTTPSConnection(host='jobs.reddituploads.com', port=443): Failed to resolve 'jobs.reddituploads.com' ([Errno 11001] getaddrinfo failed)"))
Traceback (most recent call last):
  File "C:\Users\Suchita\OneDrive\Documents\jobBot\.venv\Lib\site-packages\urllib3\connection.py", line 204, in _new_conn
    sock = connection.create_connection(
        (self._dns_host, self.port),
    ...<2 lines>...
        socket_options=self.socket_options,
    )
  File "C:\Users\Suchita\OneDrive\Documents\jobBot\.venv\Lib\site-packages\urllib3\util\connection.py", line 60, in create_connection
    for res in socket.getaddrinfo(host, port, family, socket.SOCK_STREAM):
               ~~~~~~~~~~~~~~~~~~^^^^^^^^^^^^^^^^^^^^^^^^^^^^^^^^^^^^^^^^
  File "C:\Users\Suchita\AppData\Local\Programs\Python\Python314\Lib\socket.py", line 983, in getaddrinfo
    for res in _socket.getaddrinfo(host, port, family, type, proto, flags):
               ~~~~~~~~~~~~~~~~~~~^^^^^^^^^^^^^^^^^^^^^^^^^^^^^^^^^^^^^^^^
socket.gaierror: [Errno 11001] getaddrinfo failed

The above exception was the direct cause of the following exception:

Traceback (most recent call last):
  File "C:\Users\Suchita\OneDrive\Documents\jobBot\.venv\Lib\site-packages\urllib3\connectionpool.py", line 788, in urlopen
    response = self._make_request(
        conn,
    ...<10 lines>...
        **response_kw,
    )
  File "C:\Users\Suchita\OneDrive\Documents\jobBot\.venv\Lib\site-packages\urllib3\connectionpool.py", line 488, in _make_request
    raise new_e
  File "C:\Users\Suchita\OneDrive\Documents\jobBot\.venv\Lib\site-packages\urllib3\connectionpool.py", line 464, in _make_request
    self._validate_conn(conn)
    ~~~~~~~~~~~~~~~~~~~^^^^^^
  File "C:\Users\Suchita\OneDrive\Documents\jobBot\.venv\Lib\site-packages\urllib3\connectionpool.py", line 1106, in _validate_conn
    conn.connect()
    ~~~~~~~~~~~~^^
  File "C:\Users\Suchita\OneDrive\Documents\jobBot\.venv\Lib\site-packages\urllib3\connection.py", line 759, in connect
    self.sock = sock = self._new_conn()
                       ~~~~~~~~~~~~~~^^
  File "C:\Users\Suchita\OneDrive\Documents\jobBot\.venv\Lib\site-packages\urllib3\connection.py", line 211, in _new_conn
    raise NameResolutionError(self.host, self, e) from e
urllib3.exceptions.NameResolutionError: HTTPSConnection(host='jobs.reddituploads.com', port=443): Failed to resolve 'jobs.reddituploads.com' ([Errno 11001] getaddrinfo failed)

The above exception was the direct cause of the following exception:

Traceback (most recent call last):
  File "C:\Users\Suchita\OneDrive\Documents\jobBot\.venv\Lib\site-packages\requests\adapters.py", line 696, in send
    resp = conn.urlopen(
        method=request.method,
    ...<9 lines>...
        chunked=chunked,
    )
  File "C:\Users\Suchita\OneDrive\Documents\jobBot\.venv\Lib\site-packages\urllib3\connectionpool.py", line 842, in urlopen
    retries = retries.increment(
        method, url, error=new_e, _pool=self, _stacktrace=sys.exc_info()[2]
    )
  File "C:\Users\Suchita\OneDrive\Documents\jobBot\.venv\Lib\site-packages\urllib3\util\retry.py", line 543, in increment
    raise MaxRetryError(_pool, url, reason) from reason  # type: ignore[arg-type]
    ^^^^^^^^^^^^^^^^^^^^^^^^^^^^^^^^^^^^^^^^^^^^^^^^^^^
urllib3.exceptions.MaxRetryError: HTTPSConnectionPool(host='jobs.reddituploads.com', port=443): Max retries exceeded with url: /feed.xml (Caused by NameResolutionError("HTTPSConnection(host='jobs.reddituploads.com', port=443): Failed to resolve 'jobs.reddituploads.com' ([Errno 11001] getaddrinfo failed)"))

During handling of the above exception, another exception occurred:

Traceback (most recent call last):
  File "C:\Users\Suchita\OneDrive\Documents\jobBot\main.py", line 74, in run_once
    items = fetch_rss_jobs(rss_url)
  File "C:\Users\Suchita\OneDrive\Documents\jobBot\scrapers\rss_scraper.py", line 19, in fetch_rss_jobs
    resp = requests.get(rss_url, timeout=10)
  File "C:\Users\Suchita\OneDrive\Documents\jobBot\.venv\Lib\site-packages\requests\api.py", line 87, in get
    return request("get", url, params=params, **kwargs)
  File "C:\Users\Suchita\OneDrive\Documents\jobBot\.venv\Lib\site-packages\requests\api.py", line 71, in request
    return session.request(method=method, url=url, **kwargs)
           ~~~~~~~~~~~~~~~^^^^^^^^^^^^^^^^^^^^^^^^^^^^^^^^^^
  File "C:\Users\Suchita\OneDrive\Documents\jobBot\.venv\Lib\site-packages\requests\sessions.py", line 651, in request
    resp = self.send(prep, **send_kwargs)
  File "C:\Users\Suchita\OneDrive\Documents\jobBot\.venv\Lib\site-packages\requests\sessions.py", line 784, in send
    r = adapter.send(request, **kwargs)
  File "C:\Users\Suchita\OneDrive\Documents\jobBot\.venv\Lib\site-packages\requests\adapters.py", line 729, in send
    raise ConnectionError(e, request=request)
requests.exceptions.ConnectionError: HTTPSConnectionPool(host='jobs.reddituploads.com', port=443): Max retries exceeded with url: /feed.xml (Caused by NameResolutionError("HTTPSConnection(host='jobs.reddituploads.com', port=443): Failed to resolve 'jobs.reddituploads.com' ([Errno 11001] getaddrinfo failed)"))
2026-05-23 16:14:30,262 [ERROR] jobbot: Failed to fetch RSS feed https://www.workingnomads.co/feed: 404 Client Error: Not Found for url: https://www.workingnomads.com/feed
Traceback (most recent call last):
  File "C:\Users\Suchita\OneDrive\Documents\jobBot\main.py", line 74, in run_once
    items = fetch_rss_jobs(rss_url)
  File "C:\Users\Suchita\OneDrive\Documents\jobBot\scrapers\rss_scraper.py", line 20, in fetch_rss_jobs
    resp.raise_for_status()
    ~~~~~~~~~~~~~~~~~~~~~^^
  File "C:\Users\Suchita\OneDrive\Documents\jobBot\.venv\Lib\site-packages\requests\models.py", line 1167, in raise_for_status
    raise HTTPError(http_error_msg, response=self)
requests.exceptions.HTTPError: 404 Client Error: Not Found for url: https://www.workingnomads.com/feed
2026-05-23 16:14:30,268 [INFO] jobbot: run_once finished, notifications sent: 0
2026-05-23 16:15:47,321 [INFO] jobbot: ✅ Test notification sent successfully to Telegram!
2026-05-23 16:22:27,318 [INFO] jobbot: Fetched 0 items from RSS https://remoteok.com/api/v0/sites_feed?category=programming
2026-05-23 16:22:28,104 [INFO] jobbot: Fetched 10 items from RSS https://weworkremotely.com/categories/remote-programming-jobs.rss
2026-05-23 16:22:28,926 [INFO] jobbot: Sent notification for 93bfc9f1469e6e2bb7eddb9ba155fb25b5e65b67
2026-05-23 16:22:29,777 [INFO] jobbot: Sent notification for ddcaa33402b29600cb7f00d480d24d0954b55e51
2026-05-23 16:22:30,612 [INFO] jobbot: Sent notification for 08f5da08419799ca5c38751903d90acc074de1f7
2026-05-23 16:22:31,458 [INFO] jobbot: Sent notification for 051bd965ab723ccb9ad5fd224bdc87e4cd358240
2026-05-23 16:22:31,782 [ERROR] jobbot: Failed to fetch RSS feed https://remotive.com/remote-jobs/feed.xml: 403 Client Error: Forbidden for url: https://remotive.com/remote-jobs/feed.xml
Traceback (most recent call last):
  File "C:\Users\Suchita\OneDrive\Documents\jobBot\main.py", line 75, in run_once
    items = fetch_rss_jobs(rss_url)
  File "C:\Users\Suchita\OneDrive\Documents\jobBot\scrapers\rss_scraper.py", line 20, in fetch_rss_jobs
    resp.raise_for_status()
    ~~~~~~~~~~~~~~~~~~~~~^^
  File "C:\Users\Suchita\OneDrive\Documents\jobBot\.venv\Lib\site-packages\requests\models.py", line 1167, in raise_for_status
    raise HTTPError(http_error_msg, response=self)
requests.exceptions.HTTPError: 403 Client Error: Forbidden for url: https://remotive.com/remote-jobs/feed.xml
2026-05-23 16:22:32,080 [ERROR] jobbot: Failed to fetch RSS feed https://www.naukri.com/jobs-search?smeq=python&rad=100&x_experience=1: 404 Client Error: Not Found for url: https://www.naukri.com/jobs-search?smeq=python&rad=100&x_experience=1
Traceback (most recent call last):
  File "C:\Users\Suchita\OneDrive\Documents\jobBot\main.py", line 75, in run_once
    items = fetch_rss_jobs(rss_url)
  File "C:\Users\Suchita\OneDrive\Documents\jobBot\scrapers\rss_scraper.py", line 20, in fetch_rss_jobs
    resp.raise_for_status()
    ~~~~~~~~~~~~~~~~~~~~~^^
  File "C:\Users\Suchita\OneDrive\Documents\jobBot\.venv\Lib\site-packages\requests\models.py", line 1167, in raise_for_status
    raise HTTPError(http_error_msg, response=self)
requests.exceptions.HTTPError: 404 Client Error: Not Found for url: https://www.naukri.com/jobs-search?smeq=python&rad=100&x_experience=1
2026-05-23 16:22:32,084 [ERROR] jobbot: Failed to fetch RSS feed 2: Invalid URL '2': No scheme supplied. Perhaps you meant https://2?
Traceback (most recent call last):
  File "C:\Users\Suchita\OneDrive\Documents\jobBot\main.py", line 75, in run_once
    items = fetch_rss_jobs(rss_url)
  File "C:\Users\Suchita\OneDrive\Documents\jobBot\scrapers\rss_scraper.py", line 19, in fetch_rss_jobs
    resp = requests.get(rss_url, timeout=10)
  File "C:\Users\Suchita\OneDrive\Documents\jobBot\.venv\Lib\site-packages\requests\api.py", line 87, in get
    return request("get", url, params=params, **kwargs)
  File "C:\Users\Suchita\OneDrive\Documents\jobBot\.venv\Lib\site-packages\requests\api.py", line 71, in request
    return session.request(method=method, url=url, **kwargs)
           ~~~~~~~~~~~~~~~^^^^^^^^^^^^^^^^^^^^^^^^^^^^^^^^^^
  File "C:\Users\Suchita\OneDrive\Documents\jobBot\.venv\Lib\site-packages\requests\sessions.py", line 635, in request
    prep = self.prepare_request(req)
  File "C:\Users\Suchita\OneDrive\Documents\jobBot\.venv\Lib\site-packages\requests\sessions.py", line 541, in prepare_request
    p.prepare(
    ~~~~~~~~~^
        method=method.upper(),
        ^^^^^^^^^^^^^^^^^^^^^^
    ...<10 lines>...
        hooks=merge_hooks(request.hooks, self.hooks),
        ^^^^^^^^^^^^^^^^^^^^^^^^^^^^^^^^^^^^^^^^^^^^^
    )
    ^
  File "C:\Users\Suchita\OneDrive\Documents\jobBot\.venv\Lib\site-packages\requests\models.py", line 439, in prepare
    self.prepare_url(url, params)
    ~~~~~~~~~~~~~~~~^^^^^^^^^^^^^
  File "C:\Users\Suchita\OneDrive\Documents\jobBot\.venv\Lib\site-packages\requests\models.py", line 514, in prepare_url
    raise MissingSchema(
    ...<2 lines>...
    )
requests.exceptions.MissingSchema: Invalid URL '2': No scheme supplied. Perhaps you meant https://2?
2026-05-23 16:22:32,089 [ERROR] jobbot: Failed to fetch RSS feed 3: Invalid URL '3': No scheme supplied. Perhaps you meant https://3?
Traceback (most recent call last):
  File "C:\Users\Suchita\OneDrive\Documents\jobBot\main.py", line 75, in run_once
    items = fetch_rss_jobs(rss_url)
  File "C:\Users\Suchita\OneDrive\Documents\jobBot\scrapers\rss_scraper.py", line 19, in fetch_rss_jobs
    resp = requests.get(rss_url, timeout=10)
  File "C:\Users\Suchita\OneDrive\Documents\jobBot\.venv\Lib\site-packages\requests\api.py", line 87, in get
    return request("get", url, params=params, **kwargs)
  File "C:\Users\Suchita\OneDrive\Documents\jobBot\.venv\Lib\site-packages\requests\api.py", line 71, in request
    return session.request(method=method, url=url, **kwargs)
           ~~~~~~~~~~~~~~~^^^^^^^^^^^^^^^^^^^^^^^^^^^^^^^^^^
  File "C:\Users\Suchita\OneDrive\Documents\jobBot\.venv\Lib\site-packages\requests\sessions.py", line 635, in request
    prep = self.prepare_request(req)
  File "C:\Users\Suchita\OneDrive\Documents\jobBot\.venv\Lib\site-packages\requests\sessions.py", line 541, in prepare_request
    p.prepare(
    ~~~~~~~~~^
        method=method.upper(),
        ^^^^^^^^^^^^^^^^^^^^^^
    ...<10 lines>...
        hooks=merge_hooks(request.hooks, self.hooks),
        ^^^^^^^^^^^^^^^^^^^^^^^^^^^^^^^^^^^^^^^^^^^^^
    )
    ^
  File "C:\Users\Suchita\OneDrive\Documents\jobBot\.venv\Lib\site-packages\requests\models.py", line 439, in prepare
    self.prepare_url(url, params)
    ~~~~~~~~~~~~~~~~^^^^^^^^^^^^^
  File "C:\Users\Suchita\OneDrive\Documents\jobBot\.venv\Lib\site-packages\requests\models.py", line 514, in prepare_url
    raise MissingSchema(
    ...<2 lines>...
    )
requests.exceptions.MissingSchema: Invalid URL '3': No scheme supplied. Perhaps you meant https://3?
2026-05-23 16:22:32,091 [ERROR] jobbot: Failed to fetch RSS feed 4: Invalid URL '4': No scheme supplied. Perhaps you meant https://4?
Traceback (most recent call last):
  File "C:\Users\Suchita\OneDrive\Documents\jobBot\main.py", line 75, in run_once
    items = fetch_rss_jobs(rss_url)
  File "C:\Users\Suchita\OneDrive\Documents\jobBot\scrapers\rss_scraper.py", line 19, in fetch_rss_jobs
    resp = requests.get(rss_url, timeout=10)
  File "C:\Users\Suchita\OneDrive\Documents\jobBot\.venv\Lib\site-packages\requests\api.py", line 87, in get
    return request("get", url, params=params, **kwargs)
  File "C:\Users\Suchita\OneDrive\Documents\jobBot\.venv\Lib\site-packages\requests\api.py", line 71, in request
    return session.request(method=method, url=url, **kwargs)
           ~~~~~~~~~~~~~~~^^^^^^^^^^^^^^^^^^^^^^^^^^^^^^^^^^
  File "C:\Users\Suchita\OneDrive\Documents\jobBot\.venv\Lib\site-packages\requests\sessions.py", line 635, in request
    prep = self.prepare_request(req)
  File "C:\Users\Suchita\OneDrive\Documents\jobBot\.venv\Lib\site-packages\requests\sessions.py", line 541, in prepare_request
    p.prepare(
    ~~~~~~~~~^
        method=method.upper(),
        ^^^^^^^^^^^^^^^^^^^^^^
    ...<10 lines>...
        hooks=merge_hooks(request.hooks, self.hooks),
        ^^^^^^^^^^^^^^^^^^^^^^^^^^^^^^^^^^^^^^^^^^^^^
    )
    ^
  File "C:\Users\Suchita\OneDrive\Documents\jobBot\.venv\Lib\site-packages\requests\models.py", line 439, in prepare
    self.prepare_url(url, params)
    ~~~~~~~~~~~~~~~~^^^^^^^^^^^^^
  File "C:\Users\Suchita\OneDrive\Documents\jobBot\.venv\Lib\site-packages\requests\models.py", line 514, in prepare_url
    raise MissingSchema(
    ...<2 lines>...
    )
requests.exceptions.MissingSchema: Invalid URL '4': No scheme supplied. Perhaps you meant https://4?
2026-05-23 16:22:32,093 [ERROR] jobbot: Failed to fetch RSS feed 5: Invalid URL '5': No scheme supplied. Perhaps you meant https://5?
Traceback (most recent call last):
  File "C:\Users\Suchita\OneDrive\Documents\jobBot\main.py", line 75, in run_once
    items = fetch_rss_jobs(rss_url)
  File "C:\Users\Suchita\OneDrive\Documents\jobBot\scrapers\rss_scraper.py", line 19, in fetch_rss_jobs
    resp = requests.get(rss_url, timeout=10)
  File "C:\Users\Suchita\OneDrive\Documents\jobBot\.venv\Lib\site-packages\requests\api.py", line 87, in get
    return request("get", url, params=params, **kwargs)
  File "C:\Users\Suchita\OneDrive\Documents\jobBot\.venv\Lib\site-packages\requests\api.py", line 71, in request
    return session.request(method=method, url=url, **kwargs)
           ~~~~~~~~~~~~~~~^^^^^^^^^^^^^^^^^^^^^^^^^^^^^^^^^^
  File "C:\Users\Suchita\OneDrive\Documents\jobBot\.venv\Lib\site-packages\requests\sessions.py", line 635, in request
    prep = self.prepare_request(req)
  File "C:\Users\Suchita\OneDrive\Documents\jobBot\.venv\Lib\site-packages\requests\sessions.py", line 541, in prepare_request
    p.prepare(
    ~~~~~~~~~^
        method=method.upper(),
        ^^^^^^^^^^^^^^^^^^^^^^
    ...<10 lines>...
        hooks=merge_hooks(request.hooks, self.hooks),
        ^^^^^^^^^^^^^^^^^^^^^^^^^^^^^^^^^^^^^^^^^^^^^
    )
    ^
  File "C:\Users\Suchita\OneDrive\Documents\jobBot\.venv\Lib\site-packages\requests\models.py", line 439, in prepare
    self.prepare_url(url, params)
    ~~~~~~~~~~~~~~~~^^^^^^^^^^^^^
  File "C:\Users\Suchita\OneDrive\Documents\jobBot\.venv\Lib\site-packages\requests\models.py", line 514, in prepare_url
    raise MissingSchema(
    ...<2 lines>...
    )
requests.exceptions.MissingSchema: Invalid URL '5': No scheme supplied. Perhaps you meant https://5?
2026-05-23 16:22:32,095 [ERROR] jobbot: Failed to fetch RSS feed 6: Invalid URL '6': No scheme supplied. Perhaps you meant https://6?
Traceback (most recent call last):
  File "C:\Users\Suchita\OneDrive\Documents\jobBot\main.py", line 75, in run_once
    items = fetch_rss_jobs(rss_url)
  File "C:\Users\Suchita\OneDrive\Documents\jobBot\scrapers\rss_scraper.py", line 19, in fetch_rss_jobs
    resp = requests.get(rss_url, timeout=10)
  File "C:\Users\Suchita\OneDrive\Documents\jobBot\.venv\Lib\site-packages\requests\api.py", line 87, in get
    return request("get", url, params=params, **kwargs)
  File "C:\Users\Suchita\OneDrive\Documents\jobBot\.venv\Lib\site-packages\requests\api.py", line 71, in request
    return session.request(method=method, url=url, **kwargs)
           ~~~~~~~~~~~~~~~^^^^^^^^^^^^^^^^^^^^^^^^^^^^^^^^^^
  File "C:\Users\Suchita\OneDrive\Documents\jobBot\.venv\Lib\site-packages\requests\sessions.py", line 635, in request
    prep = self.prepare_request(req)
  File "C:\Users\Suchita\OneDrive\Documents\jobBot\.venv\Lib\site-packages\requests\sessions.py", line 541, in prepare_request
    p.prepare(
    ~~~~~~~~~^
        method=method.upper(),
        ^^^^^^^^^^^^^^^^^^^^^^
    ...<10 lines>...
        hooks=merge_hooks(request.hooks, self.hooks),
        ^^^^^^^^^^^^^^^^^^^^^^^^^^^^^^^^^^^^^^^^^^^^^
    )
    ^
  File "C:\Users\Suchita\OneDrive\Documents\jobBot\.venv\Lib\site-packages\requests\models.py", line 439, in prepare
    self.prepare_url(url, params)
    ~~~~~~~~~~~~~~~~^^^^^^^^^^^^^
  File "C:\Users\Suchita\OneDrive\Documents\jobBot\.venv\Lib\site-packages\requests\models.py", line 514, in prepare_url
    raise MissingSchema(
    ...<2 lines>...
    )
requests.exceptions.MissingSchema: Invalid URL '6': No scheme supplied. Perhaps you meant https://6?
2026-05-23 16:22:32,096 [ERROR] jobbot: Failed to fetch RSS feed 7: Invalid URL '7': No scheme supplied. Perhaps you meant https://7?
Traceback (most recent call last):
  File "C:\Users\Suchita\OneDrive\Documents\jobBot\main.py", line 75, in run_once
    items = fetch_rss_jobs(rss_url)
  File "C:\Users\Suchita\OneDrive\Documents\jobBot\scrapers\rss_scraper.py", line 19, in fetch_rss_jobs
    resp = requests.get(rss_url, timeout=10)
  File "C:\Users\Suchita\OneDrive\Documents\jobBot\.venv\Lib\site-packages\requests\api.py", line 87, in get
    return request("get", url, params=params, **kwargs)
  File "C:\Users\Suchita\OneDrive\Documents\jobBot\.venv\Lib\site-packages\requests\api.py", line 71, in request
    return session.request(method=method, url=url, **kwargs)
           ~~~~~~~~~~~~~~~^^^^^^^^^^^^^^^^^^^^^^^^^^^^^^^^^^
  File "C:\Users\Suchita\OneDrive\Documents\jobBot\.venv\Lib\site-packages\requests\sessions.py", line 635, in request
    prep = self.prepare_request(req)
  File "C:\Users\Suchita\OneDrive\Documents\jobBot\.venv\Lib\site-packages\requests\sessions.py", line 541, in prepare_request
    p.prepare(
    ~~~~~~~~~^
        method=method.upper(),
        ^^^^^^^^^^^^^^^^^^^^^^
    ...<10 lines>...
        hooks=merge_hooks(request.hooks, self.hooks),
        ^^^^^^^^^^^^^^^^^^^^^^^^^^^^^^^^^^^^^^^^^^^^^
    )
    ^
  File "C:\Users\Suchita\OneDrive\Documents\jobBot\.venv\Lib\site-packages\requests\models.py", line 439, in prepare
    self.prepare_url(url, params)
    ~~~~~~~~~~~~~~~~^^^^^^^^^^^^^
  File "C:\Users\Suchita\OneDrive\Documents\jobBot\.venv\Lib\site-packages\requests\models.py", line 514, in prepare_url
    raise MissingSchema(
    ...<2 lines>...
    )
requests.exceptions.MissingSchema: Invalid URL '7': No scheme supplied. Perhaps you meant https://7?
2026-05-23 16:22:32,098 [ERROR] jobbot: Failed to fetch RSS feed 8: Invalid URL '8': No scheme supplied. Perhaps you meant https://8?
Traceback (most recent call last):
  File "C:\Users\Suchita\OneDrive\Documents\jobBot\main.py", line 75, in run_once
    items = fetch_rss_jobs(rss_url)
  File "C:\Users\Suchita\OneDrive\Documents\jobBot\scrapers\rss_scraper.py", line 19, in fetch_rss_jobs
    resp = requests.get(rss_url, timeout=10)
  File "C:\Users\Suchita\OneDrive\Documents\jobBot\.venv\Lib\site-packages\requests\api.py", line 87, in get
    return request("get", url, params=params, **kwargs)
  File "C:\Users\Suchita\OneDrive\Documents\jobBot\.venv\Lib\site-packages\requests\api.py", line 71, in request
    return session.request(method=method, url=url, **kwargs)
           ~~~~~~~~~~~~~~~^^^^^^^^^^^^^^^^^^^^^^^^^^^^^^^^^^
  File "C:\Users\Suchita\OneDrive\Documents\jobBot\.venv\Lib\site-packages\requests\sessions.py", line 635, in request
    prep = self.prepare_request(req)
  File "C:\Users\Suchita\OneDrive\Documents\jobBot\.venv\Lib\site-packages\requests\sessions.py", line 541, in prepare_request
    p.prepare(
    ~~~~~~~~~^
        method=method.upper(),
        ^^^^^^^^^^^^^^^^^^^^^^
    ...<10 lines>...
        hooks=merge_hooks(request.hooks, self.hooks),
        ^^^^^^^^^^^^^^^^^^^^^^^^^^^^^^^^^^^^^^^^^^^^^
    )
    ^
  File "C:\Users\Suchita\OneDrive\Documents\jobBot\.venv\Lib\site-packages\requests\models.py", line 439, in prepare
    self.prepare_url(url, params)
    ~~~~~~~~~~~~~~~~^^^^^^^^^^^^^
  File "C:\Users\Suchita\OneDrive\Documents\jobBot\.venv\Lib\site-packages\requests\models.py", line 514, in prepare_url
    raise MissingSchema(
    ...<2 lines>...
    )
requests.exceptions.MissingSchema: Invalid URL '8': No scheme supplied. Perhaps you meant https://8?
2026-05-23 16:22:32,099 [ERROR] jobbot: Failed to fetch RSS feed 9: Invalid URL '9': No scheme supplied. Perhaps you meant https://9?
Traceback (most recent call last):
  File "C:\Users\Suchita\OneDrive\Documents\jobBot\main.py", line 75, in run_once
    items = fetch_rss_jobs(rss_url)
  File "C:\Users\Suchita\OneDrive\Documents\jobBot\scrapers\rss_scraper.py", line 19, in fetch_rss_jobs
    resp = requests.get(rss_url, timeout=10)
  File "C:\Users\Suchita\OneDrive\Documents\jobBot\.venv\Lib\site-packages\requests\api.py", line 87, in get
    return request("get", url, params=params, **kwargs)
  File "C:\Users\Suchita\OneDrive\Documents\jobBot\.venv\Lib\site-packages\requests\api.py", line 71, in request
    return session.request(method=method, url=url, **kwargs)
           ~~~~~~~~~~~~~~~^^^^^^^^^^^^^^^^^^^^^^^^^^^^^^^^^^
  File "C:\Users\Suchita\OneDrive\Documents\jobBot\.venv\Lib\site-packages\requests\sessions.py", line 635, in request
    prep = self.prepare_request(req)
  File "C:\Users\Suchita\OneDrive\Documents\jobBot\.venv\Lib\site-packages\requests\sessions.py", line 541, in prepare_request
    p.prepare(
    ~~~~~~~~~^
        method=method.upper(),
        ^^^^^^^^^^^^^^^^^^^^^^
    ...<10 lines>...
        hooks=merge_hooks(request.hooks, self.hooks),
        ^^^^^^^^^^^^^^^^^^^^^^^^^^^^^^^^^^^^^^^^^^^^^
    )
    ^
  File "C:\Users\Suchita\OneDrive\Documents\jobBot\.venv\Lib\site-packages\requests\models.py", line 439, in prepare
    self.prepare_url(url, params)
    ~~~~~~~~~~~~~~~~^^^^^^^^^^^^^
  File "C:\Users\Suchita\OneDrive\Documents\jobBot\.venv\Lib\site-packages\requests\models.py", line 514, in prepare_url
    raise MissingSchema(
    ...<2 lines>...
    )
requests.exceptions.MissingSchema: Invalid URL '9': No scheme supplied. Perhaps you meant https://9?
2026-05-23 16:22:32,100 [ERROR] jobbot: Failed to fetch RSS feed 10: Invalid URL '10': No scheme supplied. Perhaps you meant https://10?
Traceback (most recent call last):
  File "C:\Users\Suchita\OneDrive\Documents\jobBot\main.py", line 75, in run_once
    items = fetch_rss_jobs(rss_url)
  File "C:\Users\Suchita\OneDrive\Documents\jobBot\scrapers\rss_scraper.py", line 19, in fetch_rss_jobs
    resp = requests.get(rss_url, timeout=10)
  File "C:\Users\Suchita\OneDrive\Documents\jobBot\.venv\Lib\site-packages\requests\api.py", line 87, in get
    return request("get", url, params=params, **kwargs)
  File "C:\Users\Suchita\OneDrive\Documents\jobBot\.venv\Lib\site-packages\requests\api.py", line 71, in request
    return session.request(method=method, url=url, **kwargs)
           ~~~~~~~~~~~~~~~^^^^^^^^^^^^^^^^^^^^^^^^^^^^^^^^^^
  File "C:\Users\Suchita\OneDrive\Documents\jobBot\.venv\Lib\site-packages\requests\sessions.py", line 635, in request
    prep = self.prepare_request(req)
  File "C:\Users\Suchita\OneDrive\Documents\jobBot\.venv\Lib\site-packages\requests\sessions.py", line 541, in prepare_request
    p.prepare(
    ~~~~~~~~~^
        method=method.upper(),
        ^^^^^^^^^^^^^^^^^^^^^^
    ...<10 lines>...
        hooks=merge_hooks(request.hooks, self.hooks),
        ^^^^^^^^^^^^^^^^^^^^^^^^^^^^^^^^^^^^^^^^^^^^^
    )
    ^
  File "C:\Users\Suchita\OneDrive\Documents\jobBot\.venv\Lib\site-packages\requests\models.py", line 439, in prepare
    self.prepare_url(url, params)
    ~~~~~~~~~~~~~~~~^^^^^^^^^^^^^
  File "C:\Users\Suchita\OneDrive\Documents\jobBot\.venv\Lib\site-packages\requests\models.py", line 514, in prepare_url
    raise MissingSchema(
    ...<2 lines>...
    )
requests.exceptions.MissingSchema: Invalid URL '10': No scheme supplied. Perhaps you meant https://10?
2026-05-23 16:22:32,102 [ERROR] jobbot: Failed to fetch RSS feed 11: Invalid URL '11': No scheme supplied. Perhaps you meant https://11?
Traceback (most recent call last):
  File "C:\Users\Suchita\OneDrive\Documents\jobBot\main.py", line 75, in run_once
    items = fetch_rss_jobs(rss_url)
  File "C:\Users\Suchita\OneDrive\Documents\jobBot\scrapers\rss_scraper.py", line 19, in fetch_rss_jobs
    resp = requests.get(rss_url, timeout=10)
  File "C:\Users\Suchita\OneDrive\Documents\jobBot\.venv\Lib\site-packages\requests\api.py", line 87, in get
    return request("get", url, params=params, **kwargs)
  File "C:\Users\Suchita\OneDrive\Documents\jobBot\.venv\Lib\site-packages\requests\api.py", line 71, in request
    return session.request(method=method, url=url, **kwargs)
           ~~~~~~~~~~~~~~~^^^^^^^^^^^^^^^^^^^^^^^^^^^^^^^^^^
  File "C:\Users\Suchita\OneDrive\Documents\jobBot\.venv\Lib\site-packages\requests\sessions.py", line 635, in request
    prep = self.prepare_request(req)
  File "C:\Users\Suchita\OneDrive\Documents\jobBot\.venv\Lib\site-packages\requests\sessions.py", line 541, in prepare_request
    p.prepare(
    ~~~~~~~~~^
        method=method.upper(),
        ^^^^^^^^^^^^^^^^^^^^^^
    ...<10 lines>...
        hooks=merge_hooks(request.hooks, self.hooks),
        ^^^^^^^^^^^^^^^^^^^^^^^^^^^^^^^^^^^^^^^^^^^^^
    )
    ^
  File "C:\Users\Suchita\OneDrive\Documents\jobBot\.venv\Lib\site-packages\requests\models.py", line 439, in prepare
    self.prepare_url(url, params)
    ~~~~~~~~~~~~~~~~^^^^^^^^^^^^^
  File "C:\Users\Suchita\OneDrive\Documents\jobBot\.venv\Lib\site-packages\requests\models.py", line 514, in prepare_url
    raise MissingSchema(
    ...<2 lines>...
    )
requests.exceptions.MissingSchema: Invalid URL '11': No scheme supplied. Perhaps you meant https://11?
2026-05-23 16:22:32,103 [ERROR] jobbot: Failed to fetch RSS feed 12&feed=true: Invalid URL '12&feed=true': No scheme supplied. Perhaps you meant https://12&feed=true?
Traceback (most recent call last):
  File "C:\Users\Suchita\OneDrive\Documents\jobBot\main.py", line 75, in run_once
    items = fetch_rss_jobs(rss_url)
  File "C:\Users\Suchita\OneDrive\Documents\jobBot\scrapers\rss_scraper.py", line 19, in fetch_rss_jobs
    resp = requests.get(rss_url, timeout=10)
  File "C:\Users\Suchita\OneDrive\Documents\jobBot\.venv\Lib\site-packages\requests\api.py", line 87, in get
    return request("get", url, params=params, **kwargs)
  File "C:\Users\Suchita\OneDrive\Documents\jobBot\.venv\Lib\site-packages\requests\api.py", line 71, in request
    return session.request(method=method, url=url, **kwargs)
           ~~~~~~~~~~~~~~~^^^^^^^^^^^^^^^^^^^^^^^^^^^^^^^^^^
  File "C:\Users\Suchita\OneDrive\Documents\jobBot\.venv\Lib\site-packages\requests\sessions.py", line 635, in request
    prep = self.prepare_request(req)
  File "C:\Users\Suchita\OneDrive\Documents\jobBot\.venv\Lib\site-packages\requests\sessions.py", line 541, in prepare_request
    p.prepare(
    ~~~~~~~~~^
        method=method.upper(),
        ^^^^^^^^^^^^^^^^^^^^^^
    ...<10 lines>...
        hooks=merge_hooks(request.hooks, self.hooks),
        ^^^^^^^^^^^^^^^^^^^^^^^^^^^^^^^^^^^^^^^^^^^^^
    )
    ^
  File "C:\Users\Suchita\OneDrive\Documents\jobBot\.venv\Lib\site-packages\requests\models.py", line 439, in prepare
    self.prepare_url(url, params)
    ~~~~~~~~~~~~~~~~^^^^^^^^^^^^^
  File "C:\Users\Suchita\OneDrive\Documents\jobBot\.venv\Lib\site-packages\requests\models.py", line 514, in prepare_url
    raise MissingSchema(
    ...<2 lines>...
    )
requests.exceptions.MissingSchema: Invalid URL '12&feed=true': No scheme supplied. Perhaps you meant https://12&feed=true?
2026-05-23 16:22:35,262 [INFO] jobbot: Fetched 7 jobs from company career page https://www.google.com/careers
2026-05-23 16:22:36,669 [INFO] jobbot: Fetched 6 jobs from company career page https://www.amazon.jobs/
2026-05-23 16:22:38,938 [INFO] jobbot: Fetched 0 jobs from company career page https://www.microsoft.com/en-us/careers
2026-05-23 16:22:40,720 [INFO] jobbot: Fetched 10 jobs from company career page https://www.apple.com/careers/
2026-05-23 16:22:42,395 [INFO] jobbot: Fetched 0 jobs from company career page https://www.meta.com/careers/
2026-05-23 16:22:42,396 [INFO] jobbot: run_once finished, notifications sent: 4
